<?xml version="1.0" encoding="UTF-8"?>
<!-- Generated by org.testng.reporters.JUnitXMLReporter -->
<testsuite hostname="ET-LV-CAB-0026.local" failures="1" tests="3" name="all-tests" time="22.716" errors="0" timestamp="19 Nov 2018 12:46:06 GMT">
  <testcase classname="testcases.FlightBookingTest" name="testThatResultsAppearForAOneWayJourney" time="8.453"/>
  <testcase classname="testcases.HotelBookingTest" name="shouldBeAbleToSearchForHotels" time="10.705">
    <failure type="java.lang.Exception" message="Proxy element for: org.openqa.selenium.support.pagefactory.DefaultElementLocator@b5cc23a not found">
      <![CDATA[java.lang.Exception: Proxy element for: org.openqa.selenium.support.pagefactory.DefaultElementLocator@b5cc23a not found
	at pages.BasePage.clickOnElement(BasePage.java:101)
	at pages.HotelBookingPage.searchForHotels(HotelBookingPage.java:40)
	at testcases.HotelBookingTest.shouldBeAbleToSearchForHotels(HotelBookingTest.java:10)
... Removed 24 stack frames]]>
    </failure>
  </testcase> <!-- shouldBeAbleToSearchForHotels -->
  <testcase classname="testcases.SignInTest" name="shouldThrowAnErrorIfSignInDetailsAreMissing" time="2.245"/>
</testsuite> <!-- all-tests -->
