<?xml version="1.0" encoding="UTF-8"?>
<testsuite name="TestSuite" time="17.284" tests="3" errors="0" skipped="0" failures="1">
  <properties>
[...]
</properties>
  <testcase name="testThatResultsAppearForAOneWayJourney" classname="testcases.FlightBookingTest" time="4.277"/>
  <testcase name="shouldBeAbleToSearchForHotels" classname="testcases.HotelBookingTest" time="10.982">
    <failure message="Proxy element for: org.openqa.selenium.support.pagefactory.DefaultElementLocator@172ca72b not found" type="java.lang.Exception">java.lang.Exception: Proxy element for: org.openqa.selenium.support.pagefactory.DefaultElementLocator@172ca72b not found
	at pages.BasePage.clickOnElement(BasePage.java:101)
	at pages.HotelBookingPage.searchForHotels(HotelBookingPage.java:40)
	at testcases.HotelBookingTest.shouldBeAbleToSearchForHotels(HotelBookingTest.java:10)
</failure>
  </testcase>
  <testcase name="shouldThrowAnErrorIfSignInDetailsAreMissing" classname="testcases.SignInTest" time="2.025"/>
</testsuite>