<?xml version="1.0" encoding="UTF-8"?>
<testng-results total="3" passed="2" failed="1" skipped="0">
  <reporter-output>
    <line>
      <![CDATA[<a href='/Users/lavu_india_qa1/Downloads/codingRound-master/target/surefire-reports/failure_screenshots/shouldBeAbleToSearchForHotels_19_11_2018_06_21_06.png'> <img src='/Users/lavu_india_qa1/Downloads/codingRound-master/target/surefire-reports/failure_screenshots/shouldBeAbleToSearchForHotels_19_11_2018_06_21_06.png' height='100' width='100'/> </a>]]>
    </line>
  </reporter-output>
  <suite started-at="2018-11-19T12:50:50Z" name="Suite1" finished-at="2018-11-19T12:51:08Z" duration-ms="17964">
    <groups>
    </groups>
    <test started-at="2018-11-19T12:50:50Z" name="all-tests" finished-at="2018-11-19T12:51:08Z" duration-ms="17964">
      <class name="testcases.HotelBookingTest">
        <test-method is-config="true" signature="deleteAllCookies()[pri:0, instance:testcases.HotelBookingTest@18078bef]" started-at="2018-11-19T18:20:55Z" name="deleteAllCookies" finished-at="2018-11-19T18:20:55Z" duration-ms="124" status="PASS">
          <reporter-output>
          </reporter-output>
        </test-method> <!-- deleteAllCookies -->
        <test-method signature="shouldBeAbleToSearchForHotels()[pri:0, instance:testcases.HotelBookingTest@18078bef]" started-at="2018-11-19T18:20:55Z" name="shouldBeAbleToSearchForHotels" finished-at="2018-11-19T18:21:06Z" duration-ms="10953" status="FAIL">
          <exception class="java.lang.Exception">
            <message>
              <![CDATA[Proxy element for: org.openqa.selenium.support.pagefactory.DefaultElementLocator@172ca72b not found]]>
            </message>
            <full-stacktrace>
              <![CDATA[java.lang.Exception: Proxy element for: org.openqa.selenium.support.pagefactory.DefaultElementLocator@172ca72b not found
	at pages.BasePage.clickOnElement(BasePage.java:101)
	at pages.HotelBookingPage.searchForHotels(HotelBookingPage.java:40)
	at testcases.HotelBookingTest.shouldBeAbleToSearchForHotels(HotelBookingTest.java:10)
	at java.base/jdk.internal.reflect.NativeMethodAccessorImpl.invoke0(Native Method)
	at java.base/jdk.internal.reflect.NativeMethodAccessorImpl.invoke(NativeMethodAccessorImpl.java:62)
	at java.base/jdk.internal.reflect.DelegatingMethodAccessorImpl.invoke(DelegatingMethodAccessorImpl.java:43)
	at java.base/java.lang.reflect.Method.invoke(Method.java:564)
	at org.testng.internal.MethodInvocationHelper.invokeMethod(MethodInvocationHelper.java:84)
	at org.testng.internal.Invoker.invokeMethod(Invoker.java:714)
	at org.testng.internal.Invoker.invokeTestMethod(Invoker.java:901)
	at org.testng.internal.Invoker.invokeTestMethods(Invoker.java:1231)
	at org.testng.internal.TestMethodWorker.invokeTestMethods(TestMethodWorker.java:127)
	at org.testng.internal.TestMethodWorker.run(TestMethodWorker.java:111)
	at org.testng.TestRunner.privateRun(TestRunner.java:767)
	at org.testng.TestRunner.run(TestRunner.java:617)
	at org.testng.SuiteRunner.runTest(SuiteRunner.java:348)
	at org.testng.SuiteRunner.runSequentially(SuiteRunner.java:343)
	at org.testng.SuiteRunner.privateRun(SuiteRunner.java:305)
	at org.testng.SuiteRunner.run(SuiteRunner.java:254)
	at org.testng.SuiteRunnerWorker.runSuite(SuiteRunnerWorker.java:52)
	at org.testng.SuiteRunnerWorker.run(SuiteRunnerWorker.java:86)
	at org.testng.TestNG.runSuitesSequentially(TestNG.java:1224)
	at org.testng.TestNG.runSuitesLocally(TestNG.java:1149)
	at org.testng.TestNG.run(TestNG.java:1057)
	at org.apache.maven.surefire.testng.TestNGExecutor.run(TestNGExecutor.java:295)
	at org.apache.maven.surefire.testng.TestNGXmlTestSuite.execute(TestNGXmlTestSuite.java:84)
	at org.apache.maven.surefire.testng.TestNGProvider.invoke(TestNGProvider.java:90)
	at org.apache.maven.surefire.booter.ForkedBooter.invokeProviderInSameClassLoader(ForkedBooter.java:203)
	at org.apache.maven.surefire.booter.ForkedBooter.runSuitesInProcess(ForkedBooter.java:155)
	at org.apache.maven.surefire.booter.ForkedBooter.main(ForkedBooter.java:103)
]]>
            </full-stacktrace>
          </exception> <!-- java.lang.Exception -->
          <reporter-output>
            <line>
              <![CDATA[<a href='/Users/lavu_india_qa1/Downloads/codingRound-master/target/surefire-reports/failure_screenshots/shouldBeAbleToSearchForHotels_19_11_2018_06_21_06.png'> <img src='/Users/lavu_india_qa1/Downloads/codingRound-master/target/surefire-reports/failure_screenshots/shouldBeAbleToSearchForHotels_19_11_2018_06_21_06.png' height='100' width='100'/> </a>]]>
            </line>
          </reporter-output>
        </test-method> <!-- shouldBeAbleToSearchForHotels -->
      </class> <!-- testcases.HotelBookingTest -->
      <class name="testcases.SignInTest">
        <test-method is-config="true" signature="setUp()[pri:0, instance:testcases.SignInTest@2f9f7dcf]" started-at="2018-11-19T18:20:22Z" name="setUp" finished-at="2018-11-19T18:20:50Z" duration-ms="28810" status="PASS">
          <reporter-output>
          </reporter-output>
        </test-method> <!-- setUp -->
        <test-method is-config="true" signature="deleteAllCookies()[pri:0, instance:testcases.SignInTest@2f9f7dcf]" started-at="2018-11-19T18:21:06Z" name="deleteAllCookies" finished-at="2018-11-19T18:21:06Z" duration-ms="45" status="PASS">
          <reporter-output>
          </reporter-output>
        </test-method> <!-- deleteAllCookies -->
        <test-method signature="shouldThrowAnErrorIfSignInDetailsAreMissing()[pri:0, instance:testcases.SignInTest@2f9f7dcf]" started-at="2018-11-19T18:21:06Z" name="shouldThrowAnErrorIfSignInDetailsAreMissing" finished-at="2018-11-19T18:21:08Z" duration-ms="2024" status="PASS">
          <reporter-output>
          </reporter-output>
        </test-method> <!-- shouldThrowAnErrorIfSignInDetailsAreMissing -->
        <test-method is-config="true" signature="tearDown()[pri:0, instance:testcases.SignInTest@2f9f7dcf]" started-at="2018-11-19T18:21:08Z" name="tearDown" finished-at="2018-11-19T18:21:09Z" duration-ms="711" status="PASS">
          <reporter-output>
          </reporter-output>
        </test-method> <!-- tearDown -->
      </class> <!-- testcases.SignInTest -->
      <class name="testcases.FlightBookingTest">
        <test-method is-config="true" signature="deleteAllCookies()[pri:0, instance:testcases.FlightBookingTest@689604d9]" started-at="2018-11-19T18:20:50Z" name="deleteAllCookies" finished-at="2018-11-19T18:20:50Z" duration-ms="58" status="PASS">
          <reporter-output>
          </reporter-output>
        </test-method> <!-- deleteAllCookies -->
        <test-method signature="testThatResultsAppearForAOneWayJourney()[pri:0, instance:testcases.FlightBookingTest@689604d9]" started-at="2018-11-19T18:20:50Z" name="testThatResultsAppearForAOneWayJourney" finished-at="2018-11-19T18:20:55Z" duration-ms="4263" status="PASS">
          <reporter-output>
          </reporter-output>
        </test-method> <!-- testThatResultsAppearForAOneWayJourney -->
      </class> <!-- testcases.FlightBookingTest -->
    </test> <!-- all-tests -->
  </suite> <!-- Suite1 -->
</testng-results>
