<?xml version="1.0" encoding="UTF-8"?>
<testng-results total="1" passed="1" failed="0" skipped="0">
  <reporter-output>
  </reporter-output>
  <suite started-at="2018-11-19T13:01:00Z" name="Default suite" finished-at="2018-11-19T13:01:15Z" duration-ms="14529">
    <groups>
    </groups>
    <test started-at="2018-11-19T13:01:00Z" name="Default test" finished-at="2018-11-19T13:01:15Z" duration-ms="14529">
      <class name="testcases.HotelBookingTest">
        <test-method is-config="true" signature="setUp()[pri:0, instance:testcases.HotelBookingTest@157853da]" started-at="2018-11-19T18:30:51Z" name="setUp" finished-at="2018-11-19T18:31:00Z" duration-ms="9550" status="PASS">
          <reporter-output>
          </reporter-output>
        </test-method> <!-- setUp -->
        <test-method is-config="true" signature="deleteAllCookies()[pri:0, instance:testcases.HotelBookingTest@157853da]" started-at="2018-11-19T18:31:00Z" name="deleteAllCookies" finished-at="2018-11-19T18:31:00Z" duration-ms="178" status="PASS">
          <reporter-output>
          </reporter-output>
        </test-method> <!-- deleteAllCookies -->
        <test-method signature="shouldBeAbleToSearchForHotels()[pri:0, instance:testcases.HotelBookingTest@157853da]" started-at="2018-11-19T18:31:00Z" name="shouldBeAbleToSearchForHotels" finished-at="2018-11-19T18:31:15Z" duration-ms="14315" status="PASS">
          <reporter-output>
          </reporter-output>
        </test-method> <!-- shouldBeAbleToSearchForHotels -->
        <test-method is-config="true" signature="tearDown()[pri:0, instance:testcases.HotelBookingTest@157853da]" started-at="2018-11-19T18:31:15Z" name="tearDown" finished-at="2018-11-19T18:31:15Z" duration-ms="663" status="PASS">
          <reporter-output>
          </reporter-output>
        </test-method> <!-- tearDown -->
      </class> <!-- testcases.HotelBookingTest -->
    </test> <!-- Default test -->
  </suite> <!-- Default suite -->
</testng-results>
